[debug] [2018-09-12T23:30:06.194Z] ----------------------------------------------------------------------
[debug] [2018-09-12T23:30:06.210Z] Command:       C:\Program Files\nodejs\node.exe C:\Users\rikmt\AppData\Roaming\npm\node_modules\firebase-tools\bin\firebase init
[debug] [2018-09-12T23:30:06.210Z] CLI Version:   3.18.4
[debug] [2018-09-12T23:30:06.210Z] Platform:      win32
[debug] [2018-09-12T23:30:06.210Z] Node Version:  v8.11.1
[debug] [2018-09-12T23:30:06.210Z] Time:          Wed Sep 12 2018 18:30:06 GMT-0500 (Hora de verano central (México))
[debug] [2018-09-12T23:30:06.210Z] ----------------------------------------------------------------------
[debug] 
[debug] [2018-09-12T23:30:06.210Z] > command requires scopes: ["email","openid","https://www.googleapis.com/auth/cloudplatformprojects.readonly","https://www.googleapis.com/auth/firebase"]
[debug] [2018-09-12T23:30:06.210Z] > authorizing via signed-in user
[info] 
     ######## #### ########  ######## ########     ###     ######  ########
     ##        ##  ##     ## ##       ##     ##  ##   ##  ##       ##
     ######    ##  ########  ######   ########  #########  ######  ######
     ##        ##  ##    ##  ##       ##     ## ##     ##       ## ##
     ##       #### ##     ## ######## ########  ##     ##  ######  ########

You're about to initialize a Firebase project in this directory:

  C:\xampp\htdocs\PrestaCasa

Before we get started, keep in mind:

  * You are currently outside your home directory

[info] 
=== Project Setup
[info] 
[info] First, let's associate this project directory with a Firebase project.
[info] You can create multiple project aliases by running firebase use --add, 
[info] but for now we'll just set up a default project.
[info] 
[debug] [2018-09-12T23:30:40.739Z] > refreshing access token with scopes: ["email","https://www.googleapis.com/auth/cloudplatformprojects.readonly","https://www.googleapis.com/auth/firebase","openid"]
[debug] [2018-09-12T23:30:40.739Z] >>> HTTP REQUEST POST https://www.googleapis.com/oauth2/v3/token  
 { refresh_token: '1/JSa_IoPNhMuoeRR96PlxDrRks3X333WTr3VgmSQzkYA',
  client_id: '563584335869-fgrhgmd47bqnekij5i8b5pr03ho849e6.apps.googleusercontent.com',
  client_secret: 'j9iVZfS8kkCEFUPaAeJV0sAi',
  grant_type: 'refresh_token',
  scope: 'email https://www.googleapis.com/auth/cloudplatformprojects.readonly https://www.googleapis.com/auth/firebase openid' } 
 Wed Sep 12 2018 18:30:40 GMT-0500 (Hora de verano central (México))
[debug] [2018-09-12T23:30:41.111Z] <<< HTTP RESPONSE 200
[debug] [2018-09-12T23:30:41.502Z] >>> HTTP REQUEST GET https://admin.firebase.com/v1/projects  
  
 Wed Sep 12 2018 18:30:41 GMT-0500 (Hora de verano central (México))
[debug] [2018-09-12T23:30:42.238Z] <<< HTTP RESPONSE 200
[info] 
=== Hosting Setup
[info] 
[info] Your public directory is the folder (relative to your project directory) that
[info] will contain Hosting assets to be uploaded with firebase deploy. If you
[info] have a build process for your assets, use your build's output directory.
[info] 
